CCS PCM C Compiler, Version 4.057, 24809               02-Dec-21 20:51

               Filename: main.lst

               ROM used: 50 words (5%)
                         Largest free fragment is 974
               RAM used: 6 (9%) at main() level
                         7 (10%) worst case
               Stack:    1 locations

*
0000:  MOVLW  00
0001:  MOVWF  0A
0002:  GOTO   017
0003:  NOP
.................... #include <16f84a.h> 
.................... //////// Standard Header file for the PIC16F84A device //////////////// 
.................... #device PIC16F84A 
.................... #list 
....................  
.................... #use delay (clock=20MHz) 
0004:  MOVLW  13
0005:  MOVWF  04
0006:  MOVF   00,W
0007:  BTFSC  03.2
0008:  GOTO   016
0009:  MOVLW  06
000A:  MOVWF  0D
000B:  CLRF   0C
000C:  DECFSZ 0C,F
000D:  GOTO   00C
000E:  DECFSZ 0D,F
000F:  GOTO   00B
0010:  MOVLW  7B
0011:  MOVWF  0C
0012:  DECFSZ 0C,F
0013:  GOTO   012
0014:  DECFSZ 00,F
0015:  GOTO   009
0016:  GOTO   029 (RETURN)
.................... #fuses HS 
.................... void main() 
.................... { 
0017:  CLRF   04
0018:  MOVLW  1F
0019:  ANDWF  03,F
.................... while(TRUE){ 
.................... if (input(pin_A0) == 1) 
001A:  BSF    03.5
001B:  BSF    05.0
001C:  BCF    03.5
001D:  BTFSS  05.0
001E:  GOTO   02C
.................... { 
.................... output_b(0x01); 
001F:  BSF    03.5
0020:  CLRF   06
0021:  MOVLW  01
0022:  BCF    03.5
0023:  MOVWF  06
.................... delay_ms(3000); 
0024:  MOVLW  0C
0025:  MOVWF  12
0026:  MOVLW  FA
0027:  MOVWF  13
0028:  GOTO   004
0029:  DECFSZ 12,F
002A:  GOTO   026
.................... } 
.................... else{  
002B:  GOTO   030
.................... output_b(0x00); 
002C:  BSF    03.5
002D:  CLRF   06
002E:  BCF    03.5
002F:  CLRF   06
.................... } 
.................... } 
0030:  GOTO   01A
.................... } 
0031:  SLEEP

Configuration Fuses:
   Word  1: 3FF2   HS NOWDT PUT NOPROTECT
