
ROM used: 50 (5%)
          50 (5%) including unused fragments

          0 Average locations per line
          6 Average locations per statement

RAM used: 6 (9%) at main() level
          7 (10%) worst case

Stack used: 1 worst case (out of 8 total available)

Lines Stmts  %   Files
----- ----- ---  -----
   17     8 100  main.c
  116     0   0  ..\..\..\..\..\Program Files (x86)\PICC\devices\16f84a.h
----- -----
  133     8 Total

Page ROM  %  RAM   Vol Diff  Functions:
---- --- --- ---   --- ----  ----------
0     19  38   1             @delay_ms1
0     27  54   1   119  2.9  main

Program metrics:
    Functions               1
    Statements              8
    Comments                37
    Volume (V)              121
    Difficilty (D)          2.7
    Effort to implement (E) 326
    Time to implement (T)   0 minutes
    Est Delivered Bugs (B)  0
    Cyclomatic Complexity   1
    Maintainability (MI)    112

 Segment     Used  Free
-----------  ----  ----
00000-00003     4  0  
00004-003FF    46  974  



